[live-tvs.shop/index.html]
[backblue.gif]
[fade.gif]
[index.html]
[live-tvs.shop/index.html]
[live-tvs.shop/wp-content/plugins/wpt-whatsapp/assets/css/public5bf8.css]
[live-tvs.shop/indexa6da.html]
[live-tvs.shop/indexd784.html]
[live-tvs.shop/wp-content/plugins/wpt-whatsapp/assets/css/auto-generated-wptwa2b6b.css]
[live-tvs.shop/wp-content/themes/twentynineteen/style3aa8.css]
[live-tvs.shop/wp-content/plugins/wpt-whatsapp/assets/css/public5bf8.css]
[live-tvs.shop/wp-includes/css/dist/block-library/style.min9f31.css]
[live-tvs.shop/wp-includes/css/dist/block-library/theme.min9f31.css]
[live-tvs.shop/wp-content/themes/twentynineteen/print3aa8.css]
[live-tvs.shop/wp-content/plugins/wpt-whatsapp/assets/css/auto-generated-wptwa2b6b.css]
[live-tvs.shop/wp-content/plugins/elementor/assets/lib/eicons/css/elementor-icons.min4c7e.css]
[live-tvs.shop/wp-content/plugins/elementor-pro/assets/css/frontend.minf0c3.css]
[live-tvs.shop/wp-includes/css/dist/block-library/style.min9f31.css]
[live-tvs.shop/wp-content/plugins/elementor/assets/css/frontend.min4315.css]
[live-tvs.shop/wp-content/plugins/elementor/assets/lib/animations/animations.min4315.css]
[live-tvs.shop/wp-includes/css/dist/block-library/theme.min9f31.css]
[live-tvs.shop/wp-content/uploads/elementor/css/global1c13.css]
[live-tvs.shop/wp-content/uploads/elementor/css/post-1851c0.css]
[live-tvs.shop/wp-content/themes/twentynineteen/style3aa8.css]
[live-tvs.shop/wp-includes/js/jquery/jquery.min9d52.js]
[live-tvs.shop/wp-content/plugins/elementor/assets/lib/font-awesome/css/fontawesome.minb683.css]
[live-tvs.shop/wp-content/themes/twentynineteen/print3aa8.css]
[live-tvs.shop/wp-content/plugins/elementor/assets/lib/font-awesome/css/solid.minb683.css]
[live-tvs.shop/index52f0.php]
[live-tvs.shop/wp-content/plugins/elementor/assets/lib/font-awesome/css/regular.minb683.css]
[live-tvs.shop/wp-content/plugins/elementor/assets/lib/eicons/css/elementor-icons.min4c7e.css]
[live-tvs.shop/index849a.php]
[live-tvs.shop/wp-includes/js/jquery/jquery-migrate.mind617.js]
[live-tvs.shop/wp-content/plugins/elementor/assets/lib/animations/animations.min4315.css]
[live-tvs.shop/xmlrpc0db0.php]
[live-tvs.shop/wp-content/plugins/elementor/assets/css/frontend.min4315.css]
[live-tvs.shop/wp-includes/wlwmanifest.xml]
[live-tvs.shop/index2b2b.php]
[live-tvs.shop/index4dd8.php]
[live-tvs.shop/wp-content/plugins/elementor-pro/assets/css/frontend.minf0c3.css]
[live-tvs.shop/wp-content/uploads/2021/03/cropped-WP-ICON-1-1-180x180.png]
[live-tvs.shop/wp-content/uploads/elementor/css/global1c13.css]
[live-tvs.shop/indexbece.html]
[live-tvs.shop/wp-content/uploads/2021/03/cropped-WP-ICON-1-1-32x32.png]
[live-tvs.shop/wp-content/uploads/elementor/css/post-1851c0.css]
[live-tvs.shop/wp-content/uploads/2021/03/cropped-WP-ICON-1-1-192x192.png]
[live-tvs.shop/index15e4.html]
[live-tvs.shop/wp-content/plugins/elementor/assets/lib/font-awesome/css/fontawesome.minb683.css]
[live-tvs.shop/wp-content/uploads/2021/03/WhatsApp-Image-2021-02-26-at-13.24.03-5.jpeg]
[live-tvs.shop/wp-content/uploads/2021/03/WhatsApp-Image-2021-02-26-at-13.24.03-4.jpeg]
[live-tvs.shop/index9d91.html]
[live-tvs.shop/wp-content/plugins/elementor/assets/lib/font-awesome/css/solid.minb683.css]
[live-tvs.shop/indexf536.html]
[live-tvs.shop/wp-content/uploads/2021/03/WhatsApp-Image-2021-02-26-at-13.24.03-1-1024x1022.jpeg]
[live-tvs.shop/wp-content/plugins/elementor/assets/lib/font-awesome/css/regular.minb683.css]
[live-tvs.shop/index128b.html]
[live-tvs.shop/index3bb3.html]
[live-tvs.shop/index03cd.html]
[live-tvs.shop/indexbece.html]
[live-tvs.shop/wp-content/uploads/2021/03/TV-BOX.png]
[live-tvs.shop/wp-content/uploads/2021/03/LAPTOP.png]
[live-tvs.shop/index9548.html]
[live-tvs.shop/index15e4.html]
[live-tvs.shop/index7d1b.html]
[live-tvs.shop/wp-content/uploads/2021/03/SMART-TV.png]
[live-tvs.shop/wp-content/uploads/2021/03/TABLET.png]
[live-tvs.shop/wp-content/uploads/2021/03/PHONE.png]
[live-tvs.shop/wp-content/uploads/2021/03/AMAZON-FIRE-STICK.png]
[live-tvs.shop/index9d91.html]
[live-tvs.shop/wp-content/uploads/2021/03/APPLE-TV.png]
[live-tvs.shop/indexf536.html]
[live-tvs.shop/index128b.html]
[live-tvs.shop/wp-content/uploads/2021/03/WhatsApp-Image-2021-02-26-at-13.24.03-3.jpeg]
[live-tvs.shop/index3bb3.html]
[live-tvs.shop/wp-content/uploads/2021/03/worldwide-channels-1024x666-1.png]
[live-tvs.shop/wp-content/uploads/2021/03/WhatsApp-Image-2021-02-26-at-13.24.03.jpeg]
[live-tvs.shop/wp-content/uploads/2021/03/WhatsApp-Image-2021-02-26-at-13.24.03-2.jpeg]
[live-tvs.shop/index03cd.html]
[live-tvs.shop/wp-content/uploads/2021/03/WhatsApp-Image-2021-02-26-at-13.24.03-7.jpeg]
[live-tvs.shop/index9548.html]
[live-tvs.shop/wp-includes/js/wp-embed.min9f31.js]
[live-tvs.shop/wp-content/plugins/wpt-whatsapp/assets/js/public5bf8.js]
[live-tvs.shop/wp-content/plugins/elementor-pro/assets/lib/smartmenus/jquery.smartmenus.minf269.js]
[live-tvs.shop/index7d1b.html]
[live-tvs.shop/wp-content/plugins/elementor/assets/js/frontend-modules.min4315.js]
[live-tvs.shop/wp-content/plugins/elementor-pro/assets/js/frontend.minf0c3.js]
[live-tvs.shop/wp-content/uploads/so-css/so-css-twentynineteen9d9f.css]
[live-tvs.shop/wp-includes/js/imagesloaded.mineda1.js]
[live-tvs.shop/wp-content/plugins/elementor-pro/assets/lib/sticky/jquery.sticky.minf0c3.js]
[live-tvs.shop/wp-content/plugins/elementor/assets/lib/swiper/swiper.min48f5.js]
[live-tvs.shop/wp-includes/js/jquery/ui/core.min35d0.js]
[live-tvs.shop/wp-content/plugins/elementor/assets/lib/dialog/dialog.minae9e.js]
[js.hs-scripts.com/20125423.js]
[live-tvs.shop/wp-content/plugins/elementor/assets/js/frontend.min4315.js]
[live-tvs.shop/wp-content/plugins/elementor/assets/lib/eicons/fonts/eicons2cbf.eot]
[live-tvs.shop/wp-content/plugins/elementor/assets/lib/eicons/fonts/eicons2cbf.woff2]
[live-tvs.shop/wp-content/plugins/elementor/assets/lib/eicons/fonts/eicons2cbf.woff]
[live-tvs.shop/wp-content/plugins/elementor/assets/lib/eicons/fonts/eicons2cbf.ttf]
[live-tvs.shop/wp-content/plugins/elementor/assets/lib/waypoints/waypoints.min05da.js]
[live-tvs.shop/wp-content/plugins/elementor/assets/lib/eicons/fonts/eicons2cbf.svg]
[live-tvs.shop/wp-content/plugins/elementor/assets/lib/font-awesome/webfonts/fa-solid-900.eot]
[live-tvs.shop/wp-content/plugins/wpt-whatsapp/assets/images/logo-green-small.png]
[live-tvs.shop/wp-content/plugins/elementor/assets/lib/font-awesome/webfonts/fa-solid-900.woff2]
[live-tvs.shop/wp-content/plugins/elementor/assets/lib/font-awesome/webfonts/fa-solid-900.woff]
[live-tvs.shop/wp-content/plugins/elementor/assets/lib/share-link/share-link.min4315.js]
[live-tvs.shop/wp-content/plugins/elementor/assets/lib/font-awesome/webfonts/fa-solid-900d41d.eot]
[live-tvs.shop/wp-content/plugins/elementor/assets/lib/eicons/fonts/eicons2cbf.svg]
[live-tvs.shop/wp-content/plugins/elementor/assets/lib/font-awesome/webfonts/fa-regular-400.eot]
[live-tvs.shop/wp-content/plugins/elementor/assets/lib/font-awesome/webfonts/fa-regular-400d41d.eot]
[live-tvs.shop/wp-content/plugins/elementor/assets/lib/font-awesome/webfonts/fa-solid-900.ttf]
[live-tvs.shop/wp-content/plugins/elementor/assets/lib/font-awesome/webfonts/fa-regular-400.woff]
[live-tvs.shop/wp-content/plugins/elementor/assets/lib/font-awesome/webfonts/fa-regular-400.ttf]
[live-tvs.shop/wp-content/plugins/elementor/assets/lib/font-awesome/webfonts/fa-regular-400.svg]
[live-tvs.shop/index652d.php]
[live-tvs.shop/wp-content/plugins/elementor/assets/lib/font-awesome/webfonts/fa-solid-900.svg]
[live-tvs.shop/wp-content/plugins/elementor/assets/lib/font-awesome/webfonts/fa-solid-900.svg]
[live-tvs.shop/wp-content/plugins/elementor/assets/lib/font-awesome/webfonts/fa-regular-400.woff2]
[live-tvs.shop/wp-content/uploads/elementor/css/post-4274f7.css]
[live-tvs.shop/wp-content/plugins/elementor/assets/lib/font-awesome/webfonts/fa-regular-400.svg]
[live-tvs.shop/indexa62b.php]
[live-tvs.shop/wp-content/uploads/elementor/css/post-4274f7.css]
[live-tvs.shop/index30fb.php]
[live-tvs.shop/indexcf5b.php]
[live-tvs.shop/indexfbd5.html]
[live-tvs.shop/wp-content/uploads/elementor/css/post-541343d.css]
[live-tvs.shop/wp-content/uploads/elementor/css/post-541343d.css]
[live-tvs.shop/index6575.php]
[live-tvs.shop/index605c.php]
[live-tvs.shop/wp-content/uploads/elementor/css/post-367794f.css]
[live-tvs.shop/index4126.html]
[live-tvs.shop/index3b7c.php]
[live-tvs.shop/wp-content/uploads/2021/03/MAG.png]
[live-tvs.shop/wp-content/uploads/elementor/css/post-367794f.css]
[live-tvs.shop/index8f01.php]
[live-tvs.shop/wp-content/uploads/elementor/css/post-50ec1d.css]
[live-tvs.shop/index55d4.html]
[live-tvs.shop/index4c68.php]
[live-tvs.shop/index5e4e.php]
[live-tvs.shop/wp-content/uploads/2021/03/dp-2-1024x1024.png]
[live-tvs.shop/wp-content/uploads/elementor/css/post-50ec1d.css]
[live-tvs.shop/indexf75e.php]
[live-tvs.shop/index938f.php]
[live-tvs.shop/index6aed.html]
[live-tvs.shop/index0baf.php]
[live-tvs.shop/wp-content/uploads/elementor/css/post-4894e9.css]
[live-tvs.shop/wp-content/uploads/elementor/css/post-4894e9.css]
[live-tvs.shop/wp-content/uploads/elementor/css/post-1567af9.css]
[live-tvs.shop/index94b0.html]
[live-tvs.shop/index2641.php]
[live-tvs.shop/indexf8f9.php]
[live-tvs.shop/index4b15.php]
[live-tvs.shop/wp-content/uploads/elementor/css/post-1567af9.css]
[live-tvs.shop/wp-content/uploads/2021/04/24x7-customer-support.png]
[live-tvs.shop/wp-content/uploads/2021/05/WhatsApp-Image-2021-05-15-at-00.12.36-647x1024.jpeg]
[live-tvs.shop/wp-content/uploads/2021/05/WhatsApp-Image-2021-05-15-at-00.11.43-650x1024.jpeg]
[live-tvs.shop/wp-content/uploads/2021/05/WhatsApp-Image-2021-05-15-at-00.10.52-646x1024.jpeg]
[live-tvs.shop/indexd1a7.html]
[live-tvs.shop/index33f0.php]
[live-tvs.shop/indexb31d.php]
[live-tvs.shop/indexd062.php]
[live-tvs.shop/wp-content/uploads/elementor/css/post-146c7f0.css]
[live-tvs.shop/wp-content/uploads/elementor/css/post-146c7f0.css]
[live-tvs.shop/index8bb7.php]
[live-tvs.shop/indexf488.html]
[live-tvs.shop/index988a.php]
[live-tvs.shop/wp-content/uploads/elementor/css/post-1709acf.css]
[live-tvs.shop/index22bf.php]
[live-tvs.shop/wp-content/uploads/elementor/css/post-1709acf.css]
[live-tvs.shop/wp-content/uploads/elementor/css/post-17465e4.css]
[live-tvs.shop/index5e74.html]
[live-tvs.shop/index8e0c.php]
[live-tvs.shop/index6d73.php]
[live-tvs.shop/index582d.php]
[live-tvs.shop/wp-content/uploads/elementor/css/post-17465e4.css]
[live-tvs.shop/index0325.html]
[live-tvs.shop/index1c5a.php]
[live-tvs.shop/index059a.php]
